<?xml version="1.0" encoding="UTF-8"?>
<!-- Generated by org.testng.reporters.JUnitReportReporter -->
<testsuite hostname="DESKTOP-95KRL4B" failures="0" tests="2" name="tests.get_post_examples" time="6.011" errors="0" timestamp="2024-09-25T23:12:25 IST" skipped="0">
  <testcase classname="tests.get_post_examples" name="TestPost" time="4.435"/>
  <testcase classname="tests.get_post_examples" name="testGet" time="1.576"/>
</testsuite> <!-- tests.get_post_examples -->
