<?xml version="1.0" encoding="UTF-8"?>
<!-- Generated by org.testng.reporters.JUnitReportReporter -->
<testsuite hostname="DESKTOP-95KRL4B" failures="0" tests="1" name="tests.JSON_Schema_validation" time="6.810" errors="0" timestamp="2024-09-30T21:36:04 IST" skipped="0">
  <testcase classname="tests.JSON_Schema_validation" name="testGet" time="6.810"/>
</testsuite> <!-- tests.JSON_Schema_validation -->
