<?xml version="1.0" encoding="UTF-8"?>
<!-- Generated by org.testng.reporters.JUnitReportReporter -->
<testsuite hostname="DESKTOP-95KRL4B" failures="0" tests="1" name="tests.SoapXMLRequest" time="8.092" errors="0" timestamp="2024-10-01T16:32:06 IST" skipped="0">
  <testcase classname="tests.SoapXMLRequest" name="SoapValidate" time="8.092"/>
</testsuite> <!-- tests.SoapXMLRequest -->
