<?xml version="1.0" encoding="UTF-8"?>
<!-- Generated by org.testng.reporters.JUnitReportReporter -->
<testsuite hostname="DESKTOP-95KRL4B" failures="0" tests="2" name="tests.testexamples" time="5.200" errors="0" timestamp="2024-09-25T19:43:35 IST" skipped="0">
  <testcase classname="tests.testexamples" name="test_1" time="3.673"/>
  <testcase classname="tests.testexamples" name="test_2" time="1.527"/>
</testsuite> <!-- tests.testexamples -->
