<?xml version="1.0" encoding="UTF-8"?>
<!-- Generated by org.testng.reporters.JUnitReportReporter -->
<testsuite hostname="DESKTOP-95KRL4B" failures="0" tests="3" name="tests.PutPatchDelete" time="5.540" errors="0" timestamp="2024-09-26T10:48:17 IST" skipped="0">
  <testcase classname="tests.PutPatchDelete" name="TestPatch" time="0.728"/>
  <testcase classname="tests.PutPatchDelete" name="TestDelete" time="4.116"/>
  <testcase classname="tests.PutPatchDelete" name="TestPut" time="0.696"/>
</testsuite> <!-- tests.PutPatchDelete -->
